<?xml version="1.0" encoding="UTF-8"?>
<!-- Generated by org.testng.reporters.JUnitReportReporter -->
<testsuite hostname="Abinaya_CD" failures="0" tests="1" name="Test.TC001_Signup" time="20.626" errors="0" timestamp="2024-08-09T20:30:31 IST" skipped="0">
  <testcase classname="Test.TC001_Signup" name="TC01_SignupTest" time="20.626"/>
</testsuite> <!-- Test.TC001_Signup -->
