<?xml version="1.0" encoding="UTF-8"?>
<!-- Generated by org.testng.reporters.JUnitReportReporter -->
<testsuite hostname="Abinaya_CD" failures="0" tests="1" name="Test.TC005_MenuValidation" time="18.587" errors="0" timestamp="2024-08-12T13:14:55 IST" skipped="0">
  <testcase classname="Test.TC005_MenuValidation" name="Menu" time="18.587"/>
</testsuite> <!-- Test.TC005_MenuValidation -->
