<?xml version="1.0" encoding="UTF-8"?>
<!-- Generated by org.testng.reporters.JUnitReportReporter -->
<testsuite hostname="Abinaya_CD" failures="0" tests="1" name="Test.TC006_Bottomlinks$TC_05_ValidateLinkInBottomOfHomePage" time="22.534" errors="0" timestamp="2024-08-12T13:13:18 IST" skipped="0">
  <testcase classname="Test.TC006_Bottomlinks$TC_05_ValidateLinkInBottomOfHomePage" name="tc_05_validateLinkInBottomOfHomePage" time="22.534"/>
</testsuite> <!-- Test.TC006_Bottomlinks$TC_05_ValidateLinkInBottomOfHomePage -->
