<?xml version="1.0" encoding="UTF-8"?>
<!-- Generated by org.testng.reporters.JUnitReportReporter -->
<testsuite hostname="Abinaya_CD" failures="0" tests="1" name="Test.TC001" time="22.590" errors="0" timestamp="2024-08-08T16:48:48 IST" skipped="0">
  <testcase classname="Test.TC001" name="SignupTest" time="22.590"/>
</testsuite> <!-- Test.TC001 -->
