<?xml version="1.0" encoding="UTF-8"?>
<!-- Generated by org.testng.reporters.JUnitReportReporter -->
<testsuite hostname="Abinaya_CD" failures="0" tests="1" name="Test.TC003_navgatingToBestBestApp" time="18.307" errors="0" timestamp="2024-08-08T19:16:23 IST" skipped="0">
  <testcase classname="Test.TC003_navgatingToBestBestApp" name="TC03_CountrySelectTest" time="18.307"/>
</testsuite> <!-- Test.TC003_navgatingToBestBestApp -->
