<?xml version="1.0" encoding="UTF-8"?>
<!-- Generated by org.testng.reporters.JUnitReportReporter -->
<testsuite hostname="Abinaya_CD" failures="0" tests="2" name="Test.TC002_Login" time="45.107" errors="0" timestamp="2024-08-09T21:16:38 IST" skipped="0">
  <testcase classname="Test.TC002_Login" name="LoginTest" time="22.519"/>
  <testcase classname="Test.TC002_Login" name="LoginTest" time="22.588"/>
</testsuite> <!-- Test.TC002_Login -->
