<?xml version="1.0" encoding="UTF-8"?>
<!-- Generated by org.testng.reporters.JUnitReportReporter -->
<testsuite hostname="Abinaya_CD" failures="0" tests="1" name="Test.TC006_OWBooking" time="17.991" errors="0" timestamp="2024-08-20T12:04:03 IST" skipped="0">
  <testcase classname="Test.TC006_OWBooking" name="RTBooking" time="17.991"/>
</testsuite> <!-- Test.TC006_OWBooking -->
