<?xml version="1.0" encoding="UTF-8"?>
<!-- Generated by org.testng.reporters.JUnitReportReporter -->
<testsuite hostname="Abinaya_CD" failures="0" tests="2" name="Test.TC002_Login" time="28.945" errors="0" timestamp="2024-08-24T09:57:20 IST" skipped="0">
  <testcase classname="Test.TC002_Login" name="TC02_Login" time="20.422"/>
  <testcase classname="Test.TC002_Login" name="TC02_Login" time="8.523"/>
</testsuite> <!-- Test.TC002_Login -->
