<?xml version="1.0" encoding="UTF-8"?>
<!-- Generated by org.testng.reporters.JUnitReportReporter -->
<testsuite hostname="Abinaya_CD" failures="0" tests="1" name="Test.TC007_CheckIn" time="10.238" errors="0" timestamp="2024-08-24T11:44:58 IST" skipped="0">
  <testcase classname="Test.TC007_CheckIn" name="CheckIn" time="10.238"/>
</testsuite> <!-- Test.TC007_CheckIn -->
