<?xml version="1.0" encoding="UTF-8"?>
<!-- Generated by org.testng.reporters.JUnitReportReporter -->
<testsuite hostname="Abinaya_CD" failures="0" tests="1" name="Test.TC008_ManageBooking" time="11.262" errors="0" timestamp="2024-08-24T11:49:35 IST" skipped="0">
  <testcase classname="Test.TC008_ManageBooking" name="MngBooking" time="11.262"/>
</testsuite> <!-- Test.TC008_ManageBooking -->
